# CTF101 - Binary Exploitation (2)
> author: [@gatari](https://github.com/gatariee) & [@duckupus](https://github.com/duckupus)

_continuation of the infant pwn challenge from [CTF101](https://ctf.gryphons.sg/)_

## Code Review
At first glance, something stands out from the `vuln` binary:
```c
#include <stdio.h>
#include <stdlib.h>
#include <unistd.h>
#include <fcntl.h>

void win() {
    ... bla bla ...
    // print out the flag
    ... bla bla ...
}

void lose() {
    printf( "Sorry, try again\n" );
    exit( 1 );
}

void vuln() {
    int  canary = 0xdeadbeef;
    char overflow_me[100];

    printf( "[-] canary set to: %p\n", canary );
    printf( "overflow me plz: " );

    gets( overflow_me );

    printf( "value of canary now: %p\n", canary );
    if ( canary != 0xdeadbeef ) {
        win();
    } else {
        lose();
    }
}

int main( int argc, char ** argv ) {

    setbuf( stdin, 0 );
    setbuf( stdout, 0 );

    vuln();

    return 0;
}
```

A variable `canary` is set to `0xdeadbeef`, and after some user input, the value of `canary` is checked; but this time the `canary` should no longer be `0xdeadbeef`. How is this possible?!

## Smashing the Stack
We'll not be going through how stack layouts work, and how the stack is laid out in memory, but you **should** have a decent understanding of how the stack works before continuing.

* https://ctf101.org/binary-exploitation/what-is-the-stack/
* https://stackoverflow.com/questions/50524734/how-the-local-variable-stored-in-stack
* https://guyinatuxedo.github.io/04-bof_variable/csaw18_boi/index.html

If you know a little bit about pwn, you'd very quickly see the `gets()` function in the `vuln` function. This function is **very** dangerous, as it doesn't check the size of the input, and will happily write past the buffer if the input is too large.

A buffer `overflow_me` is declared with a size of `100`, and `gets()` is called to pass user input into the buffer. If the user input is larger than `100`, the buffer will overflow, and start overwriting the stack.

Here's a super dumbed down version of what the stack looks like before an overflow (pardon the dumb art, the stack actually grows in the opposite direction):

![stack_1](https://i.gyazo.com/f2c44a32c02ee15af1da86b4e4b3d26f.png)

And here's what the stack looks like after an overflow:

![stack_2](https://i.gyazo.com/a0013572f8721c3febfc8ef074c344aa.png)

The `canary` variable is stored right after the buffer `overflow_me`, and if we overflow the buffer, we can overwrite the `canary` variable, and change its value to something else.

## Manual Exploitation
The solution is pretty simple, we just need to overflow the buffer with enough characters to fully occupy the buffer allocated for `overflow_me` (100 bytes), and then continue writing to overwrite the `canary` variable.

Let's just send garbage over the length of 100 bytes.

![sol](https://i.gyazo.com/d51a8aab922618f29ca0db5854e0ea3f.png)

## GDB
Let's step through this challenge with a debugger, and do it more "methodically".
```sh
gdb ./vuln
```

We can list all the functions in the binary with:
```sh
pwndbg> info functions
All defined functions:

Non-debugging symbols:
0x0000000000401000  _init
0x0000000000401030  free@plt
0x0000000000401040  puts@plt
0x0000000000401050  setbuf@plt
0x0000000000401060  printf@plt
0x0000000000401070  close@plt
0x0000000000401080  read@plt
0x0000000000401090  calloc@plt
0x00000000004010a0  gets@plt
0x00000000004010b0  open@plt
0x00000000004010c0  exit@plt
0x00000000004010d0  _start
0x0000000000401100  _dl_relocate_static_pie
0x0000000000401110  deregister_tm_clones
0x0000000000401140  register_tm_clones
0x0000000000401180  __do_global_dtors_aux
0x00000000004011b0  frame_dummy
0x00000000004011b6  win
0x00000000004012d0  lose
0x00000000004012ed  vuln
0x0000000000401375  main
0x00000000004013c0  _fini
```

We can disassemble the `vuln` function with:
```sh
pwndbg> disassemble vuln
Dump of assembler code for function vuln:
   0x00000000004012ed <+0>:     push   rbp
   0x00000000004012ee <+1>:     mov    rbp,rsp
   0x00000000004012f1 <+4>:     sub    rsp,0x70
   0x00000000004012f5 <+8>:     mov    DWORD PTR [rbp-0x4],0xdeadbeef
   0x00000000004012fc <+15>:    mov    eax,DWORD PTR [rbp-0x4]
   0x00000000004012ff <+18>:    mov    esi,eax
   0x0000000000401301 <+20>:    lea    rax,[rip+0xd98]        # 0x4020a0
   0x0000000000401308 <+27>:    mov    rdi,rax
   0x000000000040130b <+30>:    mov    eax,0x0
   0x0000000000401310 <+35>:    call   0x401060 <printf@plt>
   0x0000000000401315 <+40>:    lea    rax,[rip+0xd9b]        # 0x4020b7
   0x000000000040131c <+47>:    mov    rdi,rax
   0x000000000040131f <+50>:    mov    eax,0x0
   0x0000000000401324 <+55>:    call   0x401060 <printf@plt>
   0x0000000000401329 <+60>:    lea    rax,[rbp-0x70]
   0x000000000040132d <+64>:    mov    rdi,rax
   0x0000000000401330 <+67>:    mov    eax,0x0
   0x0000000000401335 <+72>:    call   0x4010a0 <gets@plt>
   0x000000000040133a <+77>:    mov    eax,DWORD PTR [rbp-0x4]
   0x000000000040133d <+80>:    mov    esi,eax
   0x000000000040133f <+82>:    lea    rax,[rip+0xd83]        # 0x4020c9
   0x0000000000401346 <+89>:    mov    rdi,rax
   0x0000000000401349 <+92>:    mov    eax,0x0
   0x000000000040134e <+97>:    call   0x401060 <printf@plt>
   0x0000000000401353 <+102>:   cmp    DWORD PTR [rbp-0x4],0xdeadbeef
   0x000000000040135a <+109>:   je     0x401368 <vuln+123>
   0x000000000040135c <+111>:   mov    eax,0x0
   0x0000000000401361 <+116>:   call   0x4011b6 <win>
   0x0000000000401366 <+121>:   jmp    0x401372 <vuln+133>
   0x0000000000401368 <+123>:   mov    eax,0x0
   0x000000000040136d <+128>:   call   0x4012d0 <lose>
   0x0000000000401372 <+133>:   nop
   0x0000000000401373 <+134>:   leave
   0x0000000000401374 <+135>:   ret
End of assembler dump.
```

The first thing we can look for is familiar function calls, immediately we can see that `gets()` is called at `0x0000000000401335` and the value passed into `gets()` is stored in `[rbp-0x70]`
```
0x0000000000401329 <+60>:    lea    rax,[rbp-0x70]
0x000000000040132d <+64>:    mov    rdi,rax
0x0000000000401330 <+67>:    mov    eax,0x0
0x0000000000401335 <+72>:    call   0x4010a0 <gets@plt>
```

We can verify this with the following command:
```sh
gdb ./vuln
b *0x000000000040133a # ;; 0x000000000040133a <+77>:    mov    eax,DWORD PTR [rbp-0x4]
r
```

We hit our breakpoint here.

![a](https://i.gyazo.com/e1f601a14c07edbd3ce531e9e1419493.png)

We can print out the value of `overflow_me` (currently in `rax`) but points to `[rbp-0x70]`:
```sh
pwndbg> x/s $rax
    0x7fffffffdca0: "hello world"
    
pwndbg> x/s $rbp-0x70
    0x7fffffffdca0: "hello world"
```
![b](https://i.gyazo.com/c0046128e1731205cc4b11b6a9501b40.png)